<?xml version="1.0" encoding="UTF-8"?>
<testsuite name="JUnit Jupiter" tests="6" skipped="0" failures="0" errors="0" time="0.071" hostname="MUSTAFA" timestamp="2025-04-29T03:31:30">
<properties>
[...]
</properties>
<testcase name="testEmailFormats()" classname="test.AccountCreationTest" time="0.001">
<system-out><![CDATA[
unique-id: [engine:junit-jupiter]/[class:test.AccountCreationTest]/[method:testEmailFormats()]
display-name: testEmailFormats()
]]></system-out>
</testcase>
<testcase name="testValidNames()" classname="test.AccountCreationTest" time="0">
<system-out><![CDATA[
unique-id: [engine:junit-jupiter]/[class:test.AccountCreationTest]/[method:testValidNames()]
display-name: testValidNames()
]]></system-out>
</testcase>
<testcase name="testDOBValidation()" classname="test.AccountCreationTest" time="0.001">
<system-out><![CDATA[
unique-id: [engine:junit-jupiter]/[class:test.AccountCreationTest]/[method:testDOBValidation()]
display-name: testDOBValidation()
]]></system-out>
</testcase>
<testcase name="testPasswordRules()" classname="test.AccountCreationTest" time="0.001">
<system-out><![CDATA[
unique-id: [engine:junit-jupiter]/[class:test.AccountCreationTest]/[method:testPasswordRules()]
display-name: testPasswordRules()
]]></system-out>
</testcase>
<testcase name="testPasswordMatch()" classname="test.AccountCreationTest" time="0.021">
<system-out><![CDATA[
unique-id: [engine:junit-jupiter]/[class:test.AccountCreationTest]/[method:testPasswordMatch()]
display-name: testPasswordMatch()
]]></system-out>
</testcase>
<testcase name="testInvalidNames()" classname="test.AccountCreationTest" time="0.001">
<system-out><![CDATA[
unique-id: [engine:junit-jupiter]/[class:test.AccountCreationTest]/[method:testInvalidNames()]
display-name: testInvalidNames()
]]></system-out>
</testcase>
<system-out><![CDATA[
unique-id: [engine:junit-jupiter]
display-name: JUnit Jupiter
]]></system-out>
</testsuite>
